#-----------------------------------------------------------
# Vivado v2015.3 (64-bit)
# SW Build 1368829 on Mon Sep 28 20:06:43 MDT 2015
# IP Build 1367837 on Mon Sep 28 08:56:14 MDT 2015
# Start of session at: Mon Nov 20 23:43:24 2017
# Process ID: 129352
# Current directory: E:/code/CPU_single_cycle/CPU_single_cycle
# Command line: vivado.exe -gui_launcher_event rodinguilauncherevent131076 E:\code\CPU_single_cycle\CPU_single_cycle\CPU_single_cycle.xpr
# Log file: E:/code/CPU_single_cycle/CPU_single_cycle/vivado.log
# Journal file: E:/code/CPU_single_cycle/CPU_single_cycle\vivado.jou
#-----------------------------------------------------------
start_gui
open_project E:/code/CPU_single_cycle/CPU_single_cycle/CPU_single_cycle.xpr
INFO: [Project 1-313] Project file moved from 'D:/code/CPU_single_cycle/CPU_single_cycle' since last save.
Scanning sources...
Finished scanning sources
INFO: [IP_Flow 19-234] Refreshing IP repositories
INFO: [IP_Flow 19-1704] No user IP repositories specified
INFO: [IP_Flow 19-2313] Loaded Vivado IP repository 'D:/Xilinx/Vivado/2015.3/data/ip'.
open_project: Time (s): cpu = 00:00:11 ; elapsed = 00:00:12 . Memory (MB): peak = 737.711 ; gain = 123.reset_run synth_1
launch_runs synth_1
INFO: [HDL 9-2216] Analyzing Verilog file "E:/code/CPU_single_cycle/src/ALU/ALU32.v" into library work [E:/code/CPU_single_cycle/src/ALU/ALU32.v:1]
INFO: [HDL 9-2216] Analyzing Verilog file "E:/code/CPU_single_cycle/src/CPU_top.v" into library work [E:/code/CPU_single_cycle/src/CPU_top.v:1]
INFO: [HDL 9-2216] Analyzing Verilog file "E:/code/CPU_singlreset_run synth_1
launch_runs impl_1
[Mon Nov 20 23:58:21 2017] Launched synth_1...
Run output will be captured here: E:/code/CPU_single_cycle/CPU_single_cycle/CPU_single_cycle.runs/synth_1/runme.log
[Mon Nov 20 23:58:21 2017] Launched impl_1...
Run output will be captured here: E:/code/CPU_single_cycle/CPU_single_cycle/CPU_single_cycle.runs/impl_1/runme.log
ERROR: [Common 17-9] Error reading message records.
launch_simulation
INFO: [USF-XSim-27] Simulation object is 'sim_1'
INFO: [USF-XSim-37] Inspecting design source files for 'top_tb' in fileset 'sim_1'...
INFO: [USF-XSim-97] Finding global include files...
INFO: [USF-XSim-98] Fetching design files from 'sim_1'...
INFO: [USF-XSim-2] XSim::Compile design
INFO: [USF-XSim-61] Executing 'COMPILE' step in 'E:/code/CPU_single_cycle/CPU_single_cycle/CPU_single_cycle.sim/sim_1/behav'
"xvlog -m64 --relax -prj top_tb_vlog.prj"
INFO: [VRFC 10-2263] Analyzing Verilog file "E:/code/CPU_single_cycle/src/DEBUG/debouncing.v" into library xil_defaultlib
INFO: [VRFC 10-311] analyzing module debouncing
INFO: [VRFC 10-2263] Analyzing Verilog file "E:/code/CPU_single_cycle/src/DEBUG/test.v" into library xil_defaultlib
INFO: [VRFC 10-311] analyzing module test
INFO: [VRFC 10-2263] Analyzing Verilog file "E:/code/CPU_single_cycle/src/DEBUG/displayReg.v" into library xil_defaultlib
INFO: [VRFC 10-311] analyzing module displayReg
INFO: [VRFC 10-2263] Analyzing Verilog file "E:/code/CPU_single_cycle/src/DEBUG/clkdiv_190hz.v" into library xil_defaultlib
INFO: [VRFC 10-311] analyzing module clkdiv_190hz
INFO: [VRFC 10-2263] Analyzing Verilog file "E:/code/CPU_single_cycle/src/top.v" into library xil_defaultlib
INFO: [VRFC 10-311] analyzing module top
INFO: [VRFC 10-2458] undeclared symbol out_display_data, assumed default net type wire [E:/code/CPU_single_cycle/src/top.v:15]
WARNING: [VRFC 10-756] identifier display_data is used before its declaration [E:/code/CPU_single_cycle/src/top.v:15]
INFO: [VRFC 10-2263] Analyzing Verilog file "E:/code/CPU_single_cycle/src/top_tb.v" into library xil_defaultlib
INFO: [VRFC 10-311] analyzing module top_tb
INFO: [VRFC 10-2458] undeclared symbol out_display_data, assumed default net type wire [E:/code/CPU_single_cycle/src/top_tb.v:15]
INFO: [VRFC 10-2263] Analyzing Verilog file "E:/code/CPU_single_cycle/CPU_single_cycle/CPU_single_cycle.sim/sim_1/behav/glbl.v" into library xil_defaultlib
INFO: [VRFC 10-311] analyzing module glbl
INFO: [USF-XSim-3] XSim::Elaborate design
INFO: [USF-XSim-61] Executing 'ELABORATE' step in 'E:/code/CPU_single_cycle/CPU_single_cycle/CPU_single_cycle.sim/sim_1/behav'
Vivado Simulator 2015.3
Copyright 1986-1999, 2001-2015 Xilinx, Inc. All Rights Reserved.
Running: D:/Xilinx/Vivado/2015.3/bin/unwrapped/win64.o/xelab.exe -wto 95225f249d924bd1ab09481b7e047e4c --debug typical --relax --mt 2 -L xil_defaultlib -L unisims_ver -L unimacro_ver -L secureip --snapshot top_tb_behav xil_defaultlib.top_tb xil_defaultlib.glbl -log elaborate.log 
Using 2 slave threads.
Starting static elaboration
WARNING: [VRFC 10-426] cannot find port out_display_data on this module [E:/code/CPU_single_cycle/src/top_tb.v:9]
ERROR: [VRFC 10-426] cannot find port out_display_data on this module [E:/code/CPU_single_cycle/src/top_tb.v:15]
ERROR: [XSIM 43-3322] Static elaboration of top level Verilog design unit(s) in library work failed.
INFO: [USF-XSim-99] Step results log file:'E:/code/CPU_single_cycle/CPU_single_cycle/CPU_single_cycle.sim/sim_1/behav/elaborate.log'
ERROR: [USF-XSim-62] 'elaborate' step failed with error(s). Please check the Tcl console output or 'E:/code/CPU_single_cycle/CPU_single_cycle/CPU_single_cycle.sim/sim_1/behav/elaborate.log' file for more information.
update_compile_order -fileset sourreset_run synth_1
launch_runs synth_1
INFO: [HDL 9-2216] Analyzing Verilog file "E:/code/CPU_single_cycle/src/ALU/ALU32.v" into library work [E:/code/CPU_single_cycle/src/ALU/ALU32.v:1]
INFO: [HDL 9-2216] Analyzing Verilog file "E:/code/CPU_single_cycle/src/CPU_top.v" into library work [E:/code/CPU_single_cycle/src/CPU_top.v:1]
INFO: [HDL 9-2216] Analyzing Verilog file "E:/code/CPU_single_cycle/src/Control_unit/Control_unit.v" into library work [E:/code/CPU_single_cycle/src/Control_unit/Control_unit.v:1]
INFO: [HDL 9-2216] Analyzing Verilog file "E:/code/CPU_single_cycle/src/Data_Memory/Data_Memory.v" into library work [E:/code/CPU_single_cycle/src/Data_Memory/Data_Memory.v:1]
INFO: [HDL 9-2216] Analyzing Verilog file "E:/code/CPU_single_cycle/src/Extend.v" into library work [E:/code/CPU_single_cycle/src/Extend.v:1]
INFO: [HDL 9-2216] Analyzing Verilog file "E:/code/CPU_single_cycle/src/Ins_Memory/Ins_Memory.v" into library work [E:/code/CPU_single_cycle/src/Ins_Memory/Ins_Memory.v:1]
INFO: [HDL 9-2216] Analyzing Verilog file "E:/code/CPU_single_cycle/src/PC.v" into library work [E:/code/CPU_single_cycle/src/PC.v:1]
INFO: [HDL 9-2216] Analyzing Verilog file "E:/code/CPU_single_cycle/src/RegFile/RegFile.v" into library work [E:/code/CPU_single_cycle/src/RegFile/RegFile.v:1]
INFO: [HDL 9-2216] Analyzing Verilog file "E:/code/CPU_single_cycle/src/DEBUG/clkdiv_190hz.v" into library work [E:/code/CPU_single_cycle/src/DEBUG/clkdiv_190hz.v:1]
INFO: [HDL 9-2216] Analyzing Verilog file "E:/code/CPU_single_cycle/src/DEBUG/debouncing.v" into library work [E:/code/CPU_single_cycle/src/DEBUG/debouncing.v:1]
INFO: [HDL 9-2216] Analyzing Verilog file "E:/code/CPU_single_cycle/src/DEBUG/displayReg.v" into library work [E:/code/CPU_single_cycle/src/DEBUG/displayReg.v:1]
INFO: [HDL 9-2216] Analyzing Verilog file "E:/code/CPU_single_cycle/src/DEBUG/display_top.v" into library work [E:/code/CPU_single_cycle/src/DEBUG/display_top.v:1]
INFO: [HDL 9-2216] Analyzing Verilog file "E:/code/CPU_single_cycle/src/mux2to1_32.v" into library work [E:/code/CPU_single_cycle/src/mux2to1_32.v:1]
INFO: [HDL 9-2216] Analyzing Verilog file "E:/code/CPU_single_cycle/src/mux2to1_5.v" into library work [E:/code/CPU_single_cycle/src/mux2to1_5.v:1]
INFO: [HDL 9-2216] Analyzing Verilog file "E:/code/CPU_single_cycle/src/mux4to1.v" into library work [E:/code/CPU_single_cycle/src/mux4to1.v:1]
INFO: [HDL 9-2216] Analyzing Verilog file "E:/code/CPU_single_cycle/src/DEBUG/test.v" into library work [E:/code/CPU_single_cycle/src/DEBUG/test.v:1]
INFO: [HDL 9-2216] Analyzing Verilog file "E:/code/CPU_single_cycle/src/top.v" into library work [E:/code/CPU_single_cycle/src/top.v:1]
[Tue Nov 21 00:10:12 2017] Launched synth_1...
Run output will be captured here: E:/code/CPU_single_cycle/CPU_single_cycle/CPU_single_cycle.runs/synth_1/runme.log
exit
INFO: [Common 17-206] Exiting Vivado at Tue Nov 21 00:15:38 2017...
l_defaultlib.test
Compiling module xil_defaultlib.clkdiv_190hz
Compiling module xil_defaultlib.displayReg
Compiling module xil_defaultlib.top
Compiling module xil_defaultlib.top_tb
Compiling module xil_defaultlib.glbl
Built simulation snapshot top_tb_behav

****** Webtalk v2015.3 (64-bit)
  **** SW Build 1368829 on Mon Sep 28 20:06:43 MDT 2015
  **** IP Build 1367837 on Mon Sep 28 08:56:14 MDT 2015
    ** Copyright 1986-2015 Xilinx, Inc. All Rights Reserved.

source E:/code/CPU_single_cycle/CPU_single_cycle/CPU_single_cycle.sim/sim_1/behav/xsim.dir/top_tb_behav/webtalk/xsim_webtalk.tcl -notrace
INFO: [Common 17-206] Exiting Webtalk at Tue Nov 21 00:06:17 2017...
run_program: Time (s): cpu = 00:00:01 ; elapsed = 00:00:05 . Memory (MB): peak = 828.813 ; gain = 0.000
INFO: [USF-XSim-4] XSim::Simulate design
INFO: [USF-XSim-61] Executing 'SIMULATE' step in 'E:/code/CPU_single_cycle/CPU_single_cycle/CPU_single_cycle.sim/sim_1/behav'
INFO: [USF-XSim-98] *** Running xsim
   with args "top_tb_behav -key {Behavioral:sim_1:Functional:top_tb} -tclbatch {top_tb.tcl} -view {E:/code/CPU_single_cycle/CPU_single_cycle/CPU_single_cycle_tb_behav.wcfg} -log {simulate.log}"
INFO: [USF-XSim-8] Loading simulator feature
Vivado Simulator 2015.3
Time resolution is 1 ps
open_wave_config E:/code/CPU_single_cycle/CPU_single_cycle/CPU_single_cycle_tb_behav.wcfg
source top_tb.tcl
# set curr_wave [current_wave_config]
# if { [string length $curr_wave] == 0 } {
#   if { [llength [get_objects]] > 0} {
#     add_wave /
#     set_property needs_save false [current_wave_config]
#   } else {
#      send_msg_id Add_Wave-1 WARNING "No top level signals found. Simulator will start without a wave window. If you want to open a wave window go to 'File->New Waveform Configuration' or type 'create_wave_config' in the TCL console."
#   }
# }
# run 1000ns
INFO: [USF-XSim-96] XSim completed. Design snapshot 'top_tb_behav' loaded.
INFO: [USF-XSim-97] XSim simulation ran for 1000ns
launch_simulation: Time (s): cpu = 00:00:03 ; elapsed = 00:00:10 . Memory (MB): peak = 828.813 ; gain = 0.000
reset_run synth_1
launch_runs impl_1
[Tue Nov 21 00:11:02 2017] Launched synth_1...
Run output will be captured here: E:/code/CPU_single_cycle/CPU_single_cycle/CPU_single_cycle.runs/synth_1/runme.log
[Tue Nov 21 00:11:02 2017] Launched impl_1...
Run output will be captured here: E:/code/CPU_single_cycle/CPU_single_cycle/CPU_single_cycle.runs/impl_1/runme.log
launch_runs impl_1 -to_step write_bitstream
[Tue Nov 21 00:12:36 2017] Launched impl_1...
Run output will be captured here: E:/code/CPU_single_cycle/CPU_single_cycle/CPU_single_cycle.runs/impl_1/runme.log
